<?xml version="1.0" encoding="UTF-8"?>
<testsuite name="tech.divij.chat_room.ChatRoomApplicationTests" tests="1" skipped="0" failures="0" errors="0" timestamp="2024-11-04T20:23:00" hostname="MacBook-Pro.local" time="1.082">
  <properties/>
  <testcase name="contextLoads()" classname="tech.divij.chat_room.ChatRoomApplicationTests" time="1.082"/>
  <system-out><![CDATA[01:52:53.367 [Test worker] INFO org.springframework.test.context.support.AnnotationConfigContextLoaderUtils -- Could not detect default configuration classes for test class [tech.divij.chat_room.ChatRoomApplicationTests]: ChatRoomApplicationTests does not declare any static, non-private, non-final, nested classes annotated with @Configuration.
01:52:53.572 [Test worker] INFO org.springframework.boot.test.context.SpringBootTestContextBootstrapper -- Found @SpringBootConfiguration tech.divij.chat_room.ChatRoomApplication for test class tech.divij.chat_room.ChatRoomApplicationTests

  .   ____          _            __ _ _
 /\\ / ___'_ __ _ _(_)_ __  __ _ \ \ \ \
( ( )\___ | '_ | '_| | '_ \/ _` | \ \ \ \
 \\/  ___)| |_)| | | | | || (_| |  ) ) ) )
  '  |____| .__|_| |_|_| |_\__, | / / / /
 =========|_|==============|___/=/_/_/_/

 :: Spring Boot ::                (v3.3.5)

2024-11-05T01:52:54.258+05:30  INFO 24380 --- [chat-room] [    Test worker] t.d.chat_room.ChatRoomApplicationTests   : Starting ChatRoomApplicationTests using Java 17.0.13 with PID 24380 (started by divij in /Users/divij/code/metaverse/chatroom/chat-room)
2024-11-05T01:52:54.261+05:30  INFO 24380 --- [chat-room] [    Test worker] t.d.chat_room.ChatRoomApplicationTests   : No active profile set, falling back to 1 default profile: "default"
2024-11-05T01:52:55.672+05:30  INFO 24380 --- [chat-room] [    Test worker] .s.d.r.c.RepositoryConfigurationDelegate : Bootstrapping Spring Data JPA repositories in DEFAULT mode.
2024-11-05T01:52:55.704+05:30  INFO 24380 --- [chat-room] [    Test worker] .s.d.r.c.RepositoryConfigurationDelegate : Finished Spring Data repository scanning in 25 ms. Found 0 JPA repository interfaces.
2024-11-05T01:52:56.880+05:30  INFO 24380 --- [chat-room] [    Test worker] com.zaxxer.hikari.HikariDataSource       : HikariPool-1 - Starting...
2024-11-05T01:52:57.056+05:30  INFO 24380 --- [chat-room] [    Test worker] com.zaxxer.hikari.pool.HikariPool        : HikariPool-1 - Added connection conn0: url=jdbc:h2:mem:73ccf64a-4161-456b-bcf9-76c09070f707 user=SA
2024-11-05T01:52:57.060+05:30  INFO 24380 --- [chat-room] [    Test worker] com.zaxxer.hikari.HikariDataSource       : HikariPool-1 - Start completed.
2024-11-05T01:52:57.159+05:30  INFO 24380 --- [chat-room] [    Test worker] o.hibernate.jpa.internal.util.LogHelper  : HHH000204: Processing PersistenceUnitInfo [name: default]
2024-11-05T01:52:57.250+05:30  INFO 24380 --- [chat-room] [    Test worker] org.hibernate.Version                    : HHH000412: Hibernate ORM core version 6.5.3.Final
2024-11-05T01:52:57.341+05:30  INFO 24380 --- [chat-room] [    Test worker] o.h.c.internal.RegionFactoryInitiator    : HHH000026: Second-level cache disabled
2024-11-05T01:52:57.686+05:30  INFO 24380 --- [chat-room] [    Test worker] o.s.o.j.p.SpringPersistenceUnitInfo      : No LoadTimeWeaver setup: ignoring JPA class transformer
2024-11-05T01:52:58.129+05:30  INFO 24380 --- [chat-room] [    Test worker] o.h.e.t.j.p.i.JtaPlatformInitiator       : HHH000489: No JTA platform available (set 'hibernate.transaction.jta.platform' to enable JTA platform integration)
2024-11-05T01:52:58.135+05:30  INFO 24380 --- [chat-room] [    Test worker] j.LocalContainerEntityManagerFactoryBean : Initialized JPA EntityManagerFactory for persistence unit 'default'
2024-11-05T01:52:58.510+05:30  WARN 24380 --- [chat-room] [    Test worker] JpaBaseConfiguration$JpaWebConfiguration : spring.jpa.open-in-view is enabled by default. Therefore, database queries may be performed during view rendering. Explicitly configure spring.jpa.open-in-view to disable this warning
2024-11-05T01:53:00.199+05:30  INFO 24380 --- [chat-room] [    Test worker] t.d.chat_room.ChatRoomApplicationTests   : Started ChatRoomApplicationTests in 6.426 seconds (process running for 8.473)
]]></system-out>
  <system-err><![CDATA[]]></system-err>
</testsuite>
